<?xml version="1.1" encoding="UTF-8"?>
<testsuite name="gr8conf.ext.StringExtensionsTest" tests="1" failures="0" errors="0" timestamp="1970-01-01T00:00:00" hostname="Daniels-MacBook-Pro.local" time="1.37418017484E9">
  <properties/>
  <testcase name="test magical string to map coercion" classname="gr8conf.ext.StringExtensionsTest" time="0.267"/>
  <system-out><![CDATA[id: 1, name: Dan Woods, twitter: @danveloper
]]></system-out>
  <system-err><![CDATA[]]></system-err>
</testsuite>
